[${project.name}][${env:SERVER_PORT}] 2021-09-07 21:17:26,420 INFO
            [main][:] - using logger: org.apache.dubbo.common.logger.slf4j.Slf4jLoggerAdapter
[${project.name}][${env:SERVER_PORT}] 2021-09-07 21:17:26,430 INFO
            [main][WelcomeLogoApplicationListener.java:63] - 

 :: Dubbo Spring Boot (v2.7.1) : https://github.com/apache/incubator-dubbo-spring-boot-project
 :: Dubbo (v2.7.3) : https://github.com/apache/incubator-dubbo
 :: Discuss group : dev@dubbo.apache.org

[${project.name}][${env:SERVER_PORT}] 2021-09-07 21:17:26,433 INFO
            [main][OverrideDubboConfigApplicationListener.java:68] - Dubbo Config was overridden by externalized configuration {dubbo.application.name=huiminpay-merchant-service, dubbo.application.qos-enable=false, dubbo.application.qos.port=22240, dubbo.config.multiple=true, dubbo.consumer.check=false, dubbo.consumer.retries=-1, dubbo.consumer.timeout=3000, dubbo.protocol.name=dubbo, dubbo.protocol.port=20890, dubbo.registry.address=nacos://127.0.0.1:8848, dubbo.scan.base‐packages=com.huiminpay}
[${project.name}][${env:SERVER_PORT}] 2021-09-07 21:17:26,706 INFO
            [main][PostProcessorRegistrationDelegate.java:330] - Bean 'org.springframework.cloud.autoconfigure.ConfigurationPropertiesRebinderAutoConfiguration' of type [org.springframework.cloud.autoconfigure.ConfigurationPropertiesRebinderAutoConfiguration$$EnhancerBySpringCGLIB$$e4af4559] is not eligible for getting processed by all BeanPostProcessors (for example: not eligible for auto-proxying)
[${project.name}][${env:SERVER_PORT}] 2021-09-07 21:17:26,780 INFO
            [pool-3-thread-1][AwaitingNonWebApplicationListener.java:140] -  [Dubbo] Current Spring Boot Application is await...
[${project.name}][${env:SERVER_PORT}] 2021-09-07 21:17:28,008 INFO
            [main][OverrideDubboConfigApplicationListener.java:68] - Dubbo Config was overridden by externalized configuration {dubbo.application.name=huiminpay-merchant-service, dubbo.application.qos-enable=false, dubbo.application.qos.port=22240, dubbo.config.multiple=true, dubbo.consumer.check=false, dubbo.consumer.retries=-1, dubbo.consumer.timeout=3000, dubbo.protocol.name=dubbo, dubbo.protocol.port=20890, dubbo.registry.address=nacos://127.0.0.1:8848, dubbo.scan.base‐packages=com.huiminpay}
[${project.name}][${env:SERVER_PORT}] 2021-09-07 21:17:28,107 INFO
            [main][NacosPropertySourceBuilder.java:87] - Loading nacos data, dataId: 'spring-boot-http.yaml', group: 'COMMON_GROUP'
[${project.name}][${env:SERVER_PORT}] 2021-09-07 21:17:28,114 INFO
            [main][NacosPropertySourceBuilder.java:87] - Loading nacos data, dataId: 'spring-boot-starter-druid.yaml', group: 'COMMON_GROUP'
[${project.name}][${env:SERVER_PORT}] 2021-09-07 21:17:28,120 INFO
            [main][NacosPropertySourceBuilder.java:87] - Loading nacos data, dataId: 'spring-boot-mybatis-plus.yaml', group: 'COMMON_GROUP'
[${project.name}][${env:SERVER_PORT}] 2021-09-07 21:17:28,124 INFO
            [main][NacosPropertySourceBuilder.java:87] - Loading nacos data, dataId: 'huiminpay-merchant-service.yaml', group: 'HUIMINPAY_GROUP'
[${project.name}][${env:SERVER_PORT}] 2021-09-07 21:17:28,126 INFO
            [main][PropertySourceBootstrapConfiguration.java:98] - Located property source: CompositePropertySource {name='NACOS', propertySources=[NacosPropertySource@749443480 {name='huiminpay-merchant-service.yaml', properties={spring.datasource.druid.url=jdbc:mysql://localhost:3306/huiminpay_merchant_service?useUnicode=true&characterEncoding=UTF8&serverTimezone=Asia/Shanghai&useSSL=false, server.servlet.context-path=/merchant, mybatis-plus.mapper-locations=classpath:com/huimin/*/mapper/*.xml, spring.datasource.druid.password=root, mybatis-plus.typeAliasesPackage=com.huimin.user.entity, spring.datasource.druid.driver-class-name=com.mysql.cj.jdbc.Driver, spring.datasource.druid.username=root}}, NacosPropertySource@796553753 {name='spring-boot-mybatis-plus.yaml', properties={mybatis-plus.global-config.field-strategy=0, mybatis-plus.global-config.db-column-underline=true, mybatis-plus.configuration.cache-enabled=false, mybatis-plus.global-config.refresh-mapper=true, mybatis-plus.mapper-locations=classpath:com/huiminpay/*/mapper/*.xml, mybatis-plus.typeAliasesPackage=com.huiminpay.user.entity, mybatis-plus.configuration.map-underscore-to-camel-case=true, mybatis-plus.global-config.id-type=0}}, NacosPropertySource@1721045976 {name='spring-boot-starter-druid.yaml', properties={spring.datasource.druid.max-active=20, spring.datasource.druid.min-idle=5, spring.datasource.druid.web-stat-filter.principal-cookie-name=admin, spring.datasource.druid.min-evictable-idle-time-millis=300000, spring.datasource.driver-class-name=com.mysql.cj.jdbc.Driver, spring.datasource.druid.test-on-return=false, spring.datasource.druid.time-between-eviction-runs-millis=60000, spring.datasource.druid.web-stat-filter.exclusions=*.js,*.gif,*.jpg,*.png,*.css,*.ico,/druid/*, spring.datasource.druid.filters=config,stat,wall,log4j2, spring.datasource.druid.filter.stat.slow-sql-millis=1, spring.datasource.druid.test-on-borrow=true, spring.datasource.druid.stat-view-servlet.login-password=admin, spring.datasource.druid.validation-query=SELECT 1 FROM DUAL, spring.datasource.druid.stat-view-servlet.url-pattern=/druid/*, spring.datasource.druid.web-stat-filter.session-stat-enable=false, spring.datasource.druid.test-while-idle=true, spring.datasource.druid.max-pool-prepared-statement-per-connection-size=20, spring.datasource.druid.web-stat-filter.enabled=true, spring.datasource.druid.web-stat-filter.session-stat-max-count=1000, spring.datasource.druid.stat-view-servlet.reset-enable=false, spring.datasource.druid.filter.stat.log-slow-sql=true, spring.datasource.druid.web-stat-filter.url-pattern=/*, spring.datasource.druid.stat-view-servlet.allow=127.0.0.1, spring.datasource.druid.web-stat-filter.principal-session-name=admin, spring.datasource.druid.web-stat-filter.profile-enable=true, spring.datasource.password=root, spring.datasource.username=root, spring.datasource.druid.stat-view-servlet.deny=127.0.0.1, spring.datasource.druid.stat-view-servlet.login-username=admin, spring.datasource.druid.stat-view-servlet.enabled=true, spring.datasource.url=jdbc:mysql://localhost:3306/huiminpay_merchant_service?serverTimezone=GMT%2B8, spring.datasource.druid.initial-size=5, spring.datasource.druid.pool-prepared-statements=true, spring.datasource.druid.aop-patterns=com.huiminpay.*.service.*, spring.datasource.type=com.alibaba.druid.pool.DruidDataSource, spring.datasource.druid.max-wait=60000}}, NacosPropertySource@975001918 {name='spring-boot-http.yaml', properties={management.endpoints.web.exposure.include=refresh,health,info,env, spring.http.encoding.charset=utf-8, spring.http.encoding.enabled=true, server.tomcat.protocol-header=x-forwarded-proto, server.use-forward-headers=true, server.servlet.context-path=/, spring.http.message.encoding=UTF-8, spring.http.encoding.force=true, server.tomcat.remote-ip-header=x-forwarded-for}}]}
[${project.name}][${env:SERVER_PORT}] 2021-09-07 21:17:28,160 INFO
            [main][SpringApplication.java:675] - No active profile set, falling back to default profiles: default
[${project.name}][${env:SERVER_PORT}] 2021-09-07 21:17:28,540 DEBUG
            [main][LogFactory.java:105] - Logging initialized using 'class org.apache.ibatis.logging.slf4j.Slf4jImpl' adapter.
[${project.name}][${env:SERVER_PORT}] 2021-09-07 21:17:28,670 WARN
            [main][EndpointId.java:135] - Endpoint ID 'nacos-config' contains invalid characters, please migrate to a valid format.
[${project.name}][${env:SERVER_PORT}] 2021-09-07 21:17:28,673 WARN
            [main][EndpointId.java:135] - Endpoint ID 'nacos-discovery' contains invalid characters, please migrate to a valid format.
[${project.name}][${env:SERVER_PORT}] 2021-09-07 21:17:28,697 DEBUG
            [main][DubboConfigBindingRegistrar.java:96] - There is no property for binding to dubbo config class [org.apache.dubbo.config.ApplicationConfig] within prefix [dubbo.applications]
[${project.name}][${env:SERVER_PORT}] 2021-09-07 21:17:28,697 DEBUG
            [main][DubboConfigBindingRegistrar.java:96] - There is no property for binding to dubbo config class [org.apache.dubbo.config.ModuleConfig] within prefix [dubbo.modules]
[${project.name}][${env:SERVER_PORT}] 2021-09-07 21:17:28,697 DEBUG
            [main][DubboConfigBindingRegistrar.java:96] - There is no property for binding to dubbo config class [org.apache.dubbo.config.RegistryConfig] within prefix [dubbo.registries]
[${project.name}][${env:SERVER_PORT}] 2021-09-07 21:17:28,698 DEBUG
            [main][DubboConfigBindingRegistrar.java:96] - There is no property for binding to dubbo config class [org.apache.dubbo.config.ProtocolConfig] within prefix [dubbo.protocols]
[${project.name}][${env:SERVER_PORT}] 2021-09-07 21:17:28,698 DEBUG
            [main][DubboConfigBindingRegistrar.java:96] - There is no property for binding to dubbo config class [org.apache.dubbo.config.MonitorConfig] within prefix [dubbo.monitors]
[${project.name}][${env:SERVER_PORT}] 2021-09-07 21:17:28,698 DEBUG
            [main][DubboConfigBindingRegistrar.java:96] - There is no property for binding to dubbo config class [org.apache.dubbo.config.ProviderConfig] within prefix [dubbo.providers]
[${project.name}][${env:SERVER_PORT}] 2021-09-07 21:17:28,698 DEBUG
            [main][DubboConfigBindingRegistrar.java:96] - There is no property for binding to dubbo config class [org.apache.dubbo.config.ConsumerConfig] within prefix [dubbo.consumers]
[${project.name}][${env:SERVER_PORT}] 2021-09-07 21:17:28,699 DEBUG
            [main][DubboConfigBindingRegistrar.java:96] - There is no property for binding to dubbo config class [org.apache.dubbo.config.spring.ConfigCenterBean] within prefix [dubbo.config-centers]
[${project.name}][${env:SERVER_PORT}] 2021-09-07 21:17:28,699 DEBUG
            [main][DubboConfigBindingRegistrar.java:96] - There is no property for binding to dubbo config class [org.apache.dubbo.config.MetadataReportConfig] within prefix [dubbo.metadata-reports]
[${project.name}][${env:SERVER_PORT}] 2021-09-07 21:17:28,700 INFO
            [main][DubboConfigBindingRegistrar.java:127] - The dubbo config bean definition [name : org.apache.dubbo.config.ApplicationConfig#0, class : org.apache.dubbo.config.ApplicationConfig] has been registered.
[${project.name}][${env:SERVER_PORT}] 2021-09-07 21:17:28,700 INFO
            [main][DubboConfigBindingRegistrar.java:151] - The BeanPostProcessor bean definition [org.apache.dubbo.config.spring.beans.factory.annotation.DubboConfigBindingBeanPostProcessor] for dubbo config bean [name : org.apache.dubbo.config.ApplicationConfig#0] has been registered.
[${project.name}][${env:SERVER_PORT}] 2021-09-07 21:17:28,700 DEBUG
            [main][DubboConfigBindingRegistrar.java:96] - There is no property for binding to dubbo config class [org.apache.dubbo.config.ModuleConfig] within prefix [dubbo.module]
[${project.name}][${env:SERVER_PORT}] 2021-09-07 21:17:28,701 INFO
            [main][DubboConfigBindingRegistrar.java:127] - The dubbo config bean definition [name : org.apache.dubbo.config.RegistryConfig#0, class : org.apache.dubbo.config.RegistryConfig] has been registered.
[${project.name}][${env:SERVER_PORT}] 2021-09-07 21:17:28,701 INFO
            [main][DubboConfigBindingRegistrar.java:151] - The BeanPostProcessor bean definition [org.apache.dubbo.config.spring.beans.factory.annotation.DubboConfigBindingBeanPostProcessor] for dubbo config bean [name : org.apache.dubbo.config.RegistryConfig#0] has been registered.
[${project.name}][${env:SERVER_PORT}] 2021-09-07 21:17:28,701 INFO
            [main][DubboConfigBindingRegistrar.java:127] - The dubbo config bean definition [name : org.apache.dubbo.config.ProtocolConfig#0, class : org.apache.dubbo.config.ProtocolConfig] has been registered.
[${project.name}][${env:SERVER_PORT}] 2021-09-07 21:17:28,701 INFO
            [main][DubboConfigBindingRegistrar.java:151] - The BeanPostProcessor bean definition [org.apache.dubbo.config.spring.beans.factory.annotation.DubboConfigBindingBeanPostProcessor] for dubbo config bean [name : org.apache.dubbo.config.ProtocolConfig#0] has been registered.
[${project.name}][${env:SERVER_PORT}] 2021-09-07 21:17:28,701 DEBUG
            [main][DubboConfigBindingRegistrar.java:96] - There is no property for binding to dubbo config class [org.apache.dubbo.config.MonitorConfig] within prefix [dubbo.monitor]
[${project.name}][${env:SERVER_PORT}] 2021-09-07 21:17:28,701 DEBUG
            [main][DubboConfigBindingRegistrar.java:96] - There is no property for binding to dubbo config class [org.apache.dubbo.config.ProviderConfig] within prefix [dubbo.provider]
[${project.name}][${env:SERVER_PORT}] 2021-09-07 21:17:28,713 INFO
            [main][DubboConfigBindingRegistrar.java:127] - The dubbo config bean definition [name : org.apache.dubbo.config.ConsumerConfig#0, class : org.apache.dubbo.config.ConsumerConfig] has been registered.
[${project.name}][${env:SERVER_PORT}] 2021-09-07 21:17:28,713 INFO
            [main][DubboConfigBindingRegistrar.java:151] - The BeanPostProcessor bean definition [org.apache.dubbo.config.spring.beans.factory.annotation.DubboConfigBindingBeanPostProcessor] for dubbo config bean [name : org.apache.dubbo.config.ConsumerConfig#0] has been registered.
[${project.name}][${env:SERVER_PORT}] 2021-09-07 21:17:28,713 DEBUG
            [main][DubboConfigBindingRegistrar.java:96] - There is no property for binding to dubbo config class [org.apache.dubbo.config.spring.ConfigCenterBean] within prefix [dubbo.config-center]
[${project.name}][${env:SERVER_PORT}] 2021-09-07 21:17:28,714 DEBUG
            [main][DubboConfigBindingRegistrar.java:96] - There is no property for binding to dubbo config class [org.apache.dubbo.config.MetadataReportConfig] within prefix [dubbo.metadata-report]
[${project.name}][${env:SERVER_PORT}] 2021-09-07 21:17:28,874 WARN
            [main][EndpointId.java:135] - Endpoint ID 'service-registry' contains invalid characters, please migrate to a valid format.
[${project.name}][${env:SERVER_PORT}] 2021-09-07 21:17:28,920 INFO
            [main][ServiceAnnotationBeanPostProcessor.java:204] -  [DUBBO] BeanNameGenerator bean can't be found in BeanFactory with name [org.springframework.context.annotation.internalConfigurationBeanNameGenerator], dubbo version: 2.7.3, current host: 192.168.101.3
[${project.name}][${env:SERVER_PORT}] 2021-09-07 21:17:28,920 INFO
            [main][ServiceAnnotationBeanPostProcessor.java:206] -  [DUBBO] BeanNameGenerator will be a instance of org.springframework.context.annotation.AnnotationBeanNameGenerator , it maybe a potential problem on bean name generation., dubbo version: 2.7.3, current host: 192.168.101.3
[${project.name}][${env:SERVER_PORT}] 2021-09-07 21:17:28,925 DEBUG
            [main][ClassPathScanningCandidateComponentProvider.java:437] - Identified candidate component class: file [D:\ideaworkspace\springboot-spaces\huiminpay\huiminpay-merchant\huiminpay-merchant-service\target\classes\com\huiminpay\merchant\service\MerchantService.class]
[${project.name}][${env:SERVER_PORT}] 2021-09-07 21:17:28,936 DEBUG
            [main][ClassPathScanningCandidateComponentProvider.java:437] - Identified candidate component class: file [D:\ideaworkspace\springboot-spaces\huiminpay\huiminpay-merchant\huiminpay-merchant-service\target\classes\com\huiminpay\merchant\service\MerchantService.class]
[${project.name}][${env:SERVER_PORT}] 2021-09-07 21:17:28,944 INFO
            [main][ServiceAnnotationBeanPostProcessor.java:284] -  [DUBBO] The BeanDefinition[Root bean: class [org.apache.dubbo.config.spring.ServiceBean]; scope=; abstract=false; lazyInit=false; autowireMode=0; dependencyCheck=0; autowireCandidate=true; primary=false; factoryBeanName=null; factoryMethodName=null; initMethodName=null; destroyMethodName=null] of ServiceBean has been registered with name : ServiceBean:com.huiminpay.merchant.api.MerchantServiceApi, dubbo version: 2.7.3, current host: 192.168.101.3
[${project.name}][${env:SERVER_PORT}] 2021-09-07 21:17:28,944 INFO
            [main][ServiceAnnotationBeanPostProcessor.java:161] -  [DUBBO] 1 annotated Dubbo's @Service Components { [Bean definition with name 'merchantService': Generic bean: class [com.huiminpay.merchant.service.MerchantService]; scope=; abstract=false; lazyInit=false; autowireMode=0; dependencyCheck=0; autowireCandidate=true; primary=false; factoryBeanName=null; factoryMethodName=null; initMethodName=null; destroyMethodName=null; defined in file [D:\ideaworkspace\springboot-spaces\huiminpay\huiminpay-merchant\huiminpay-merchant-service\target\classes\com\huiminpay\merchant\service\MerchantService.class]] } were scanned under package[com.huiminpay], dubbo version: 2.7.3, current host: 192.168.101.3
[${project.name}][${env:SERVER_PORT}] 2021-09-07 21:17:28,946 INFO
            [main][ConfigurationClassPostProcessor.java:380] - Cannot enhance @Configuration bean definition 'org.apache.dubbo.spring.boot.autoconfigure.DubboRelaxedBinding2AutoConfiguration' since its singleton instance has been created too early. The typical cause is a non-static @Bean method with a BeanDefinitionRegistryPostProcessor return type: Consider declaring such methods as 'static'.
[${project.name}][${env:SERVER_PORT}] 2021-09-07 21:17:28,946 INFO
            [main][ConfigurationClassPostProcessor.java:380] - Cannot enhance @Configuration bean definition 'org.apache.dubbo.spring.boot.autoconfigure.DubboAutoConfiguration' since its singleton instance has been created too early. The typical cause is a non-static @Bean method with a BeanDefinitionRegistryPostProcessor return type: Consider declaring such methods as 'static'.
[${project.name}][${env:SERVER_PORT}] 2021-09-07 21:17:29,057 INFO
            [main][GenericScope.java:294] - BeanFactory id=9a35f661-2c00-34cc-a83e-b4b33434f23b
[${project.name}][${env:SERVER_PORT}] 2021-09-07 21:17:29,089 INFO
            [main][PostProcessorRegistrationDelegate.java:330] - Bean 'com.alibaba.druid.spring.boot.autoconfigure.stat.DruidSpringAopConfiguration' of type [com.alibaba.druid.spring.boot.autoconfigure.stat.DruidSpringAopConfiguration] is not eligible for getting processed by all BeanPostProcessors (for example: not eligible for auto-proxying)
[${project.name}][${env:SERVER_PORT}] 2021-09-07 21:17:29,197 INFO
            [main][PostProcessorRegistrationDelegate.java:330] - Bean 'org.springframework.transaction.annotation.ProxyTransactionManagementConfiguration' of type [org.springframework.transaction.annotation.ProxyTransactionManagementConfiguration$$EnhancerBySpringCGLIB$$c895425c] is not eligible for getting processed by all BeanPostProcessors (for example: not eligible for auto-proxying)
[${project.name}][${env:SERVER_PORT}] 2021-09-07 21:17:29,359 INFO
            [main][PostProcessorRegistrationDelegate.java:330] - Bean 'spring.datasource.druid-com.alibaba.druid.spring.boot.autoconfigure.properties.DruidStatProperties' of type [com.alibaba.druid.spring.boot.autoconfigure.properties.DruidStatProperties] is not eligible for getting processed by all BeanPostProcessors (for example: not eligible for auto-proxying)
[${project.name}][${env:SERVER_PORT}] 2021-09-07 21:17:29,370 INFO
            [main][PostProcessorRegistrationDelegate.java:330] - Bean 'advisor' of type [org.springframework.aop.support.RegexpMethodPointcutAdvisor] is not eligible for getting processed by all BeanPostProcessors (for example: not eligible for auto-proxying)
[${project.name}][${env:SERVER_PORT}] 2021-09-07 21:17:29,373 INFO
            [main][PostProcessorRegistrationDelegate.java:330] - Bean 'com.alibaba.cloud.dubbo.autoconfigure.DubboOpenFeignAutoConfiguration' of type [com.alibaba.cloud.dubbo.autoconfigure.DubboOpenFeignAutoConfiguration$$EnhancerBySpringCGLIB$$4c569160] is not eligible for getting processed by all BeanPostProcessors (for example: not eligible for auto-proxying)
[${project.name}][${env:SERVER_PORT}] 2021-09-07 21:17:29,390 INFO
            [main][PostProcessorRegistrationDelegate.java:330] - Bean 'dubbo.cloud-com.alibaba.cloud.dubbo.env.DubboCloudProperties' of type [com.alibaba.cloud.dubbo.env.DubboCloudProperties] is not eligible for getting processed by all BeanPostProcessors (for example: not eligible for auto-proxying)
[${project.name}][${env:SERVER_PORT}] 2021-09-07 21:17:29,404 INFO
            [main][PostProcessorRegistrationDelegate.java:330] - Bean 'metadataJsonResolver' of type [com.alibaba.cloud.dubbo.metadata.resolver.DubboServiceBeanMetadataResolver] is not eligible for getting processed by all BeanPostProcessors (for example: not eligible for auto-proxying)
[${project.name}][${env:SERVER_PORT}] 2021-09-07 21:17:29,414 INFO
            [main][PostProcessorRegistrationDelegate.java:330] - Bean 'org.apache.dubbo.config.ApplicationConfig#0' of type [org.apache.dubbo.config.ApplicationConfig] is not eligible for getting processed by all BeanPostProcessors (for example: not eligible for auto-proxying)
[${project.name}][${env:SERVER_PORT}] 2021-09-07 21:17:29,418 INFO
            [main][PostProcessorRegistrationDelegate.java:330] - Bean 'dubboProtocolConfigSupplier' of type [com.alibaba.cloud.dubbo.metadata.DubboProtocolConfigSupplier] is not eligible for getting processed by all BeanPostProcessors (for example: not eligible for auto-proxying)
[${project.name}][${env:SERVER_PORT}] 2021-09-07 21:17:29,420 INFO
            [main][PostProcessorRegistrationDelegate.java:330] - Bean 'com.alibaba.cloud.dubbo.service.DubboMetadataServiceExporter' of type [com.alibaba.cloud.dubbo.service.DubboMetadataServiceExporter] is not eligible for getting processed by all BeanPostProcessors (for example: not eligible for auto-proxying)
[${project.name}][${env:SERVER_PORT}] 2021-09-07 21:17:29,421 INFO
            [main][PostProcessorRegistrationDelegate.java:330] - Bean 'com.alibaba.cloud.dubbo.autoconfigure.DubboMetadataAutoConfiguration' of type [com.alibaba.cloud.dubbo.autoconfigure.DubboMetadataAutoConfiguration$$EnhancerBySpringCGLIB$$be962dda] is not eligible for getting processed by all BeanPostProcessors (for example: not eligible for auto-proxying)
[${project.name}][${env:SERVER_PORT}] 2021-09-07 21:17:29,425 INFO
            [main][PostProcessorRegistrationDelegate.java:330] - Bean 'com.alibaba.cloud.dubbo.autoconfigure.DubboServiceAutoConfiguration' of type [com.alibaba.cloud.dubbo.autoconfigure.DubboServiceAutoConfiguration$$EnhancerBySpringCGLIB$$51403632] is not eligible for getting processed by all BeanPostProcessors (for example: not eligible for auto-proxying)
[${project.name}][${env:SERVER_PORT}] 2021-09-07 21:17:29,430 INFO
            [main][PostProcessorRegistrationDelegate.java:330] - Bean 'dubboGenericServiceFactory' of type [com.alibaba.cloud.dubbo.service.DubboGenericServiceFactory] is not eligible for getting processed by all BeanPostProcessors (for example: not eligible for auto-proxying)
[${project.name}][${env:SERVER_PORT}] 2021-09-07 21:17:29,432 INFO
            [main][PostProcessorRegistrationDelegate.java:330] - Bean 'dubboMetadataConfigServiceProxy' of type [com.alibaba.cloud.dubbo.service.DubboMetadataServiceProxy] is not eligible for getting processed by all BeanPostProcessors (for example: not eligible for auto-proxying)
[${project.name}][${env:SERVER_PORT}] 2021-09-07 21:17:29,437 INFO
            [main][PostProcessorRegistrationDelegate.java:330] - Bean 'org.springframework.cloud.client.discovery.composite.CompositeDiscoveryClientAutoConfiguration' of type [org.springframework.cloud.client.discovery.composite.CompositeDiscoveryClientAutoConfiguration$$EnhancerBySpringCGLIB$$11856fec] is not eligible for getting processed by all BeanPostProcessors (for example: not eligible for auto-proxying)
[${project.name}][${env:SERVER_PORT}] 2021-09-07 21:17:29,442 INFO
            [main][PostProcessorRegistrationDelegate.java:330] - Bean 'com.alibaba.cloud.nacos.discovery.NacosDiscoveryClientAutoConfiguration' of type [com.alibaba.cloud.nacos.discovery.NacosDiscoveryClientAutoConfiguration$$EnhancerBySpringCGLIB$$55078b1] is not eligible for getting processed by all BeanPostProcessors (for example: not eligible for auto-proxying)
[${project.name}][${env:SERVER_PORT}] 2021-09-07 21:17:29,452 INFO
            [main][PostProcessorRegistrationDelegate.java:330] - Bean 'org.springframework.cloud.commons.util.UtilAutoConfiguration' of type [org.springframework.cloud.commons.util.UtilAutoConfiguration$$EnhancerBySpringCGLIB$$90430be0] is not eligible for getting processed by all BeanPostProcessors (for example: not eligible for auto-proxying)
[${project.name}][${env:SERVER_PORT}] 2021-09-07 21:17:29,458 INFO
            [main][PostProcessorRegistrationDelegate.java:330] - Bean 'inetUtilsProperties' of type [org.springframework.cloud.commons.util.InetUtilsProperties] is not eligible for getting processed by all BeanPostProcessors (for example: not eligible for auto-proxying)
[${project.name}][${env:SERVER_PORT}] 2021-09-07 21:17:29,461 INFO
            [main][PostProcessorRegistrationDelegate.java:330] - Bean 'inetUtils' of type [org.springframework.cloud.commons.util.InetUtils] is not eligible for getting processed by all BeanPostProcessors (for example: not eligible for auto-proxying)
[${project.name}][${env:SERVER_PORT}] 2021-09-07 21:17:30,660 INFO
            [main][PostProcessorRegistrationDelegate.java:330] - Bean 'nacosProperties' of type [com.alibaba.cloud.nacos.NacosDiscoveryProperties] is not eligible for getting processed by all BeanPostProcessors (for example: not eligible for auto-proxying)
[${project.name}][${env:SERVER_PORT}] 2021-09-07 21:17:30,664 INFO
            [main][PostProcessorRegistrationDelegate.java:330] - Bean 'nacosDiscoveryClient' of type [com.alibaba.cloud.nacos.discovery.NacosDiscoveryClient] is not eligible for getting processed by all BeanPostProcessors (for example: not eligible for auto-proxying)
[${project.name}][${env:SERVER_PORT}] 2021-09-07 21:17:30,679 INFO
            [main][PostProcessorRegistrationDelegate.java:330] - Bean 'server-org.springframework.boot.autoconfigure.web.ServerProperties' of type [org.springframework.boot.autoconfigure.web.ServerProperties] is not eligible for getting processed by all BeanPostProcessors (for example: not eligible for auto-proxying)
[${project.name}][${env:SERVER_PORT}] 2021-09-07 21:17:30,682 INFO
            [main][PostProcessorRegistrationDelegate.java:330] - Bean 'org.springframework.cloud.client.discovery.simple.SimpleDiscoveryClientAutoConfiguration' of type [org.springframework.cloud.client.discovery.simple.SimpleDiscoveryClientAutoConfiguration$$EnhancerBySpringCGLIB$$ddb408ba] is not eligible for getting processed by all BeanPostProcessors (for example: not eligible for auto-proxying)
[${project.name}][${env:SERVER_PORT}] 2021-09-07 21:17:31,885 INFO
            [main][PostProcessorRegistrationDelegate.java:330] - Bean 'simpleDiscoveryProperties' of type [org.springframework.cloud.client.discovery.simple.SimpleDiscoveryProperties] is not eligible for getting processed by all BeanPostProcessors (for example: not eligible for auto-proxying)
[${project.name}][${env:SERVER_PORT}] 2021-09-07 21:17:31,888 INFO
            [main][PostProcessorRegistrationDelegate.java:330] - Bean 'simpleDiscoveryClient' of type [org.springframework.cloud.client.discovery.simple.SimpleDiscoveryClient] is not eligible for getting processed by all BeanPostProcessors (for example: not eligible for auto-proxying)
[${project.name}][${env:SERVER_PORT}] 2021-09-07 21:17:31,893 INFO
            [main][PostProcessorRegistrationDelegate.java:330] - Bean 'compositeDiscoveryClient' of type [org.springframework.cloud.client.discovery.composite.CompositeDiscoveryClient] is not eligible for getting processed by all BeanPostProcessors (for example: not eligible for auto-proxying)
[${project.name}][${env:SERVER_PORT}] 2021-09-07 21:17:31,897 INFO
            [main][PostProcessorRegistrationDelegate.java:330] - Bean 'com.alibaba.cloud.dubbo.util.JSONUtils' of type [com.alibaba.cloud.dubbo.util.JSONUtils] is not eligible for getting processed by all BeanPostProcessors (for example: not eligible for auto-proxying)
[${project.name}][${env:SERVER_PORT}] 2021-09-07 21:17:31,957 WARN
            [main][DubboServiceMetadataRepository.java:216] - Current application will subscribe all services(size:2) in registry, a lot of memory and CPU cycles may be used, thus it's strongly recommend you using the externalized property 'dubbo.cloud.subscribed-services' to specify the services
[${project.name}][${env:SERVER_PORT}] 2021-09-07 21:17:31,958 INFO
            [main][PostProcessorRegistrationDelegate.java:330] - Bean 'com.alibaba.cloud.dubbo.metadata.repository.DubboServiceMetadataRepository' of type [com.alibaba.cloud.dubbo.metadata.repository.DubboServiceMetadataRepository] is not eligible for getting processed by all BeanPostProcessors (for example: not eligible for auto-proxying)
[${project.name}][${env:SERVER_PORT}] 2021-09-07 21:17:31,984 INFO
            [main][PostProcessorRegistrationDelegate.java:330] - Bean 'com.alibaba.cloud.dubbo.service.parameter.RequestParamServiceParameterResolver' of type [com.alibaba.cloud.dubbo.service.parameter.RequestParamServiceParameterResolver] is not eligible for getting processed by all BeanPostProcessors (for example: not eligible for auto-proxying)
[${project.name}][${env:SERVER_PORT}] 2021-09-07 21:17:32,000 INFO
            [main][PostProcessorRegistrationDelegate.java:330] - Bean 'spring.http-org.springframework.boot.autoconfigure.http.HttpProperties' of type [org.springframework.boot.autoconfigure.http.HttpProperties] is not eligible for getting processed by all BeanPostProcessors (for example: not eligible for auto-proxying)
[${project.name}][${env:SERVER_PORT}] 2021-09-07 21:17:32,006 INFO
            [main][PostProcessorRegistrationDelegate.java:330] - Bean 'org.springframework.boot.autoconfigure.http.HttpMessageConvertersAutoConfiguration$StringHttpMessageConverterConfiguration' of type [org.springframework.boot.autoconfigure.http.HttpMessageConvertersAutoConfiguration$StringHttpMessageConverterConfiguration$$EnhancerBySpringCGLIB$$15d6d490] is not eligible for getting processed by all BeanPostProcessors (for example: not eligible for auto-proxying)
[${project.name}][${env:SERVER_PORT}] 2021-09-07 21:17:32,012 INFO
            [main][PostProcessorRegistrationDelegate.java:330] - Bean 'stringHttpMessageConverter' of type [org.springframework.http.converter.StringHttpMessageConverter] is not eligible for getting processed by all BeanPostProcessors (for example: not eligible for auto-proxying)
[${project.name}][${env:SERVER_PORT}] 2021-09-07 21:17:32,018 INFO
            [main][PostProcessorRegistrationDelegate.java:330] - Bean 'org.springframework.boot.autoconfigure.http.JacksonHttpMessageConvertersConfiguration$MappingJackson2HttpMessageConverterConfiguration' of type [org.springframework.boot.autoconfigure.http.JacksonHttpMessageConvertersConfiguration$MappingJackson2HttpMessageConverterConfiguration$$EnhancerBySpringCGLIB$$4facd090] is not eligible for getting processed by all BeanPostProcessors (for example: not eligible for auto-proxying)
[${project.name}][${env:SERVER_PORT}] 2021-09-07 21:17:32,023 INFO
            [main][PostProcessorRegistrationDelegate.java:330] - Bean 'org.springframework.boot.autoconfigure.jackson.JacksonAutoConfiguration$JacksonObjectMapperConfiguration' of type [org.springframework.boot.autoconfigure.jackson.JacksonAutoConfiguration$JacksonObjectMapperConfiguration$$EnhancerBySpringCGLIB$$2428c1ed] is not eligible for getting processed by all BeanPostProcessors (for example: not eligible for auto-proxying)
[${project.name}][${env:SERVER_PORT}] 2021-09-07 21:17:32,029 INFO
            [main][PostProcessorRegistrationDelegate.java:330] - Bean 'org.springframework.boot.autoconfigure.jackson.JacksonAutoConfiguration$JacksonObjectMapperBuilderConfiguration' of type [org.springframework.boot.autoconfigure.jackson.JacksonAutoConfiguration$JacksonObjectMapperBuilderConfiguration$$EnhancerBySpringCGLIB$$d6758406] is not eligible for getting processed by all BeanPostProcessors (for example: not eligible for auto-proxying)
[${project.name}][${env:SERVER_PORT}] 2021-09-07 21:17:32,035 INFO
            [main][PostProcessorRegistrationDelegate.java:330] - Bean 'org.springframework.boot.autoconfigure.jackson.JacksonAutoConfiguration$Jackson2ObjectMapperBuilderCustomizerConfiguration' of type [org.springframework.boot.autoconfigure.jackson.JacksonAutoConfiguration$Jackson2ObjectMapperBuilderCustomizerConfiguration$$EnhancerBySpringCGLIB$$918c69f5] is not eligible for getting processed by all BeanPostProcessors (for example: not eligible for auto-proxying)
[${project.name}][${env:SERVER_PORT}] 2021-09-07 21:17:32,040 INFO
            [main][PostProcessorRegistrationDelegate.java:330] - Bean 'spring.jackson-org.springframework.boot.autoconfigure.jackson.JacksonProperties' of type [org.springframework.boot.autoconfigure.jackson.JacksonProperties] is not eligible for getting processed by all BeanPostProcessors (for example: not eligible for auto-proxying)
[${project.name}][${env:SERVER_PORT}] 2021-09-07 21:17:32,044 INFO
            [main][PostProcessorRegistrationDelegate.java:330] - Bean 'standardJacksonObjectMapperBuilderCustomizer' of type [org.springframework.boot.autoconfigure.jackson.JacksonAutoConfiguration$Jackson2ObjectMapperBuilderCustomizerConfiguration$StandardJackson2ObjectMapperBuilderCustomizer] is not eligible for getting processed by all BeanPostProcessors (for example: not eligible for auto-proxying)
[${project.name}][${env:SERVER_PORT}] 2021-09-07 21:17:32,051 INFO
            [main][PostProcessorRegistrationDelegate.java:330] - Bean 'org.springframework.boot.autoconfigure.jackson.JacksonAutoConfiguration$ParameterNamesModuleConfiguration' of type [org.springframework.boot.autoconfigure.jackson.JacksonAutoConfiguration$ParameterNamesModuleConfiguration$$EnhancerBySpringCGLIB$$b857e123] is not eligible for getting processed by all BeanPostProcessors (for example: not eligible for auto-proxying)
[${project.name}][${env:SERVER_PORT}] 2021-09-07 21:17:32,063 INFO
            [main][PostProcessorRegistrationDelegate.java:330] - Bean 'parameterNamesModule' of type [com.fasterxml.jackson.module.paramnames.ParameterNamesModule] is not eligible for getting processed by all BeanPostProcessors (for example: not eligible for auto-proxying)
[${project.name}][${env:SERVER_PORT}] 2021-09-07 21:17:32,067 INFO
            [main][PostProcessorRegistrationDelegate.java:330] - Bean 'org.springframework.boot.autoconfigure.jackson.JacksonAutoConfiguration' of type [org.springframework.boot.autoconfigure.jackson.JacksonAutoConfiguration$$EnhancerBySpringCGLIB$$6345f7c] is not eligible for getting processed by all BeanPostProcessors (for example: not eligible for auto-proxying)
[${project.name}][${env:SERVER_PORT}] 2021-09-07 21:17:32,076 INFO
            [main][PostProcessorRegistrationDelegate.java:330] - Bean 'jsonComponentModule' of type [org.springframework.boot.jackson.JsonComponentModule] is not eligible for getting processed by all BeanPostProcessors (for example: not eligible for auto-proxying)
[${project.name}][${env:SERVER_PORT}] 2021-09-07 21:17:32,081 INFO
            [main][PostProcessorRegistrationDelegate.java:330] - Bean 'jacksonObjectMapperBuilder' of type [org.springframework.http.converter.json.Jackson2ObjectMapperBuilder] is not eligible for getting processed by all BeanPostProcessors (for example: not eligible for auto-proxying)
[${project.name}][${env:SERVER_PORT}] 2021-09-07 21:17:32,105 INFO
            [main][PostProcessorRegistrationDelegate.java:330] - Bean 'jacksonObjectMapper' of type [com.fasterxml.jackson.databind.ObjectMapper] is not eligible for getting processed by all BeanPostProcessors (for example: not eligible for auto-proxying)
[${project.name}][${env:SERVER_PORT}] 2021-09-07 21:17:32,115 INFO
            [main][PostProcessorRegistrationDelegate.java:330] - Bean 'mappingJackson2HttpMessageConverter' of type [org.springframework.http.converter.json.MappingJackson2HttpMessageConverter] is not eligible for getting processed by all BeanPostProcessors (for example: not eligible for auto-proxying)
[${project.name}][${env:SERVER_PORT}] 2021-09-07 21:17:32,120 INFO
            [main][PostProcessorRegistrationDelegate.java:330] - Bean 'org.springframework.boot.autoconfigure.http.HttpMessageConvertersAutoConfiguration' of type [org.springframework.boot.autoconfigure.http.HttpMessageConvertersAutoConfiguration$$EnhancerBySpringCGLIB$$e2c90df0] is not eligible for getting processed by all BeanPostProcessors (for example: not eligible for auto-proxying)
[${project.name}][${env:SERVER_PORT}] 2021-09-07 21:17:32,127 INFO
            [main][PostProcessorRegistrationDelegate.java:330] - Bean 'messageConverters' of type [org.springframework.boot.autoconfigure.http.HttpMessageConverters] is not eligible for getting processed by all BeanPostProcessors (for example: not eligible for auto-proxying)
[${project.name}][${env:SERVER_PORT}] 2021-09-07 21:17:32,129 INFO
            [main][PostProcessorRegistrationDelegate.java:330] - Bean 'com.alibaba.cloud.dubbo.service.parameter.RequestBodyServiceParameterResolver' of type [com.alibaba.cloud.dubbo.service.parameter.RequestBodyServiceParameterResolver] is not eligible for getting processed by all BeanPostProcessors (for example: not eligible for auto-proxying)
[${project.name}][${env:SERVER_PORT}] 2021-09-07 21:17:32,135 INFO
            [main][PostProcessorRegistrationDelegate.java:330] - Bean 'com.alibaba.cloud.dubbo.service.parameter.RequestHeaderServiceParameterResolver' of type [com.alibaba.cloud.dubbo.service.parameter.RequestHeaderServiceParameterResolver] is not eligible for getting processed by all BeanPostProcessors (for example: not eligible for auto-proxying)
[${project.name}][${env:SERVER_PORT}] 2021-09-07 21:17:32,141 INFO
            [main][PostProcessorRegistrationDelegate.java:330] - Bean 'com.alibaba.cloud.dubbo.service.parameter.PathVariableServiceParameterResolver' of type [com.alibaba.cloud.dubbo.service.parameter.PathVariableServiceParameterResolver] is not eligible for getting processed by all BeanPostProcessors (for example: not eligible for auto-proxying)
[${project.name}][${env:SERVER_PORT}] 2021-09-07 21:17:32,142 INFO
            [main][PostProcessorRegistrationDelegate.java:330] - Bean 'com.alibaba.cloud.dubbo.service.DubboGenericServiceExecutionContextFactory' of type [com.alibaba.cloud.dubbo.service.DubboGenericServiceExecutionContextFactory] is not eligible for getting processed by all BeanPostProcessors (for example: not eligible for auto-proxying)
[${project.name}][${env:SERVER_PORT}] 2021-09-07 21:17:32,153 INFO
            [main][PostProcessorRegistrationDelegate.java:330] - Bean 'relaxedDubboConfigBinder' of type [org.apache.dubbo.spring.boot.autoconfigure.BinderDubboConfigBinder] is not eligible for getting processed by all BeanPostProcessors (for example: not eligible for auto-proxying)
[${project.name}][${env:SERVER_PORT}] 2021-09-07 21:17:32,161 INFO
            [main][PostProcessorRegistrationDelegate.java:330] - Bean 'relaxedDubboConfigBinder' of type [org.apache.dubbo.spring.boot.autoconfigure.BinderDubboConfigBinder] is not eligible for getting processed by all BeanPostProcessors (for example: not eligible for auto-proxying)
[${project.name}][${env:SERVER_PORT}] 2021-09-07 21:17:32,164 INFO
            [main][PostProcessorRegistrationDelegate.java:330] - Bean 'relaxedDubboConfigBinder' of type [org.apache.dubbo.spring.boot.autoconfigure.BinderDubboConfigBinder] is not eligible for getting processed by all BeanPostProcessors (for example: not eligible for auto-proxying)
[${project.name}][${env:SERVER_PORT}] 2021-09-07 21:17:32,166 INFO
            [main][PostProcessorRegistrationDelegate.java:330] - Bean 'relaxedDubboConfigBinder' of type [org.apache.dubbo.spring.boot.autoconfigure.BinderDubboConfigBinder] is not eligible for getting processed by all BeanPostProcessors (for example: not eligible for auto-proxying)
[${project.name}][${env:SERVER_PORT}] 2021-09-07 21:17:32,175 INFO
            [main][PostProcessorRegistrationDelegate.java:330] - Bean 'org.springframework.cloud.autoconfigure.ConfigurationPropertiesRebinderAutoConfiguration' of type [org.springframework.cloud.autoconfigure.ConfigurationPropertiesRebinderAutoConfiguration$$EnhancerBySpringCGLIB$$e4af4559] is not eligible for getting processed by all BeanPostProcessors (for example: not eligible for auto-proxying)
[${project.name}][${env:SERVER_PORT}] 2021-09-07 21:17:32,484 INFO
            [main][TomcatWebServer.java:90] - Tomcat initialized with port(s): 56040 (http)
[${project.name}][${env:SERVER_PORT}] 2021-09-07 21:17:32,498 INFO
            [main][DirectJDKLog.java:173] - Initializing ProtocolHandler ["http-nio-56040"]
[${project.name}][${env:SERVER_PORT}] 2021-09-07 21:17:32,505 INFO
            [main][DirectJDKLog.java:173] - Starting service [Tomcat]
[${project.name}][${env:SERVER_PORT}] 2021-09-07 21:17:32,506 INFO
            [main][DirectJDKLog.java:173] - Starting Servlet engine: [Apache Tomcat/9.0.16]
[${project.name}][${env:SERVER_PORT}] 2021-09-07 21:17:32,511 INFO
            [main][DirectJDKLog.java:173] - The APR based Apache Tomcat Native library which allows optimal performance in production environments was not found on the java.library.path: [D:\kfgj\Java\jdk1.8.0_121\bin;C:\WINDOWS\Sun\Java\bin;C:\WINDOWS\system32;C:\WINDOWS;E:\app\zc\product\11.2.0\dbhome_1\bin;C:\ProgramData\Oracle\Java\javapath;D:\kfgj\Java\jdk-11\bin;C:\WINDOWS\system32;C:\WINDOWS;C:\WINDOWS\system32\wbem;C:\WINDOWS\System32\Wbem;C:\WINDOWS\System32\WindowsPowerShell\v1.0\;C:\WINDOWS\System32\OpenSSH\;C:\Program Files\NVIDIA Corporation\NVIDIA NvDLISR;C:\WINDOWS\system32;C:\WINDOWS;C:\WINDOWS\System32\Wbem;C:\WINDOWS\System32\WindowsPowerShell\v1.0\;C:\WINDOWS\System32\OpenSSH\;D:\kfgj\Mysql\mysql-5.7.27-winx64\bin;D:\kfgj\apache-tomcat-8.5.31\lib;D:\soft\developsoft\maven\apache-maven-3.5.4\bin;D:\kfgj\Java\jdk1.8.0_121\bin;E:\Program Files\nodejs\;D:\Program Files\erl-24.0\bin;C:\Users\赵晨\AppData\Roaming\npm;.]
[${project.name}][${env:SERVER_PORT}] 2021-09-07 21:17:32,665 INFO
            [main][DirectJDKLog.java:173] - Initializing Spring embedded WebApplicationContext
[${project.name}][${env:SERVER_PORT}] 2021-09-07 21:17:32,665 INFO
            [main][ServletWebServerApplicationContext.java:296] - Root WebApplicationContext: initialization completed in 4498 ms
[${project.name}][${env:SERVER_PORT}] 2021-09-07 21:17:33,055 INFO
            [main][DruidDataSourceAutoConfigure.java:56] - Init DruidDataSource
[${project.name}][${env:SERVER_PORT}] 2021-09-07 21:17:33,280 DEBUG
            [main][Log4j2Filter.java:132] - {conn-10001,procId-394} connected
[${project.name}][${env:SERVER_PORT}] 2021-09-07 21:17:33,286 DEBUG
            [main][Log4j2Filter.java:132] - {conn-10002,procId-395} connected
[${project.name}][${env:SERVER_PORT}] 2021-09-07 21:17:33,290 DEBUG
            [main][Log4j2Filter.java:132] - {conn-10003,procId-396} connected
[${project.name}][${env:SERVER_PORT}] 2021-09-07 21:17:33,294 DEBUG
            [main][Log4j2Filter.java:132] - {conn-10004,procId-397} connected
[${project.name}][${env:SERVER_PORT}] 2021-09-07 21:17:33,298 DEBUG
            [main][Log4j2Filter.java:132] - {conn-10005,procId-398} connected
[${project.name}][${env:SERVER_PORT}] 2021-09-07 21:17:33,302 INFO
            [main][DruidDataSource.java:1002] - {dataSource-1} inited
[${project.name}][${env:SERVER_PORT}] 2021-09-07 21:17:33,983 DEBUG
            [main][GlobalConfigUtils.java:106] - DeBug: MyBatis Plus Global configuration Initializing !
[${project.name}][${env:SERVER_PORT}] 2021-09-07 21:17:33,990 DEBUG
            [main][MybatisConfiguration.java:85] - addMappedStatement: com.baomidou.mybatisplus.core.mapper.SqlRunner.SelectList
[${project.name}][${env:SERVER_PORT}] 2021-09-07 21:17:33,992 DEBUG
            [main][MybatisConfiguration.java:85] - addMappedStatement: com.baomidou.mybatisplus.core.mapper.SqlRunner.SelectObjs
[${project.name}][${env:SERVER_PORT}] 2021-09-07 21:17:33,993 DEBUG
            [main][MybatisConfiguration.java:85] - addMappedStatement: com.baomidou.mybatisplus.core.mapper.SqlRunner.Insert
[${project.name}][${env:SERVER_PORT}] 2021-09-07 21:17:33,994 DEBUG
            [main][MybatisConfiguration.java:85] - addMappedStatement: com.baomidou.mybatisplus.core.mapper.SqlRunner.Update
[${project.name}][${env:SERVER_PORT}] 2021-09-07 21:17:33,995 DEBUG
            [main][MybatisConfiguration.java:85] - addMappedStatement: com.baomidou.mybatisplus.core.mapper.SqlRunner.Delete
[${project.name}][${env:SERVER_PORT}] 2021-09-07 21:17:33,997 DEBUG
            [main][MybatisConfiguration.java:85] - addMappedStatement: com.baomidou.mybatisplus.core.mapper.SqlRunner.Count
[${project.name}][${env:SERVER_PORT}] 2021-09-07 21:17:34,046 DEBUG
            [main][VFS.java:77] - Using VFS adapter com.baomidou.mybatisplus.autoconfigure.SpringBootVFS
[${project.name}][${env:SERVER_PORT}] 2021-09-07 21:17:34,054 DEBUG
            [main][Log4j2Filter.java:132] - {conn-10005} pool-connect
[${project.name}][${env:SERVER_PORT}] 2021-09-07 21:17:34,056 DEBUG
            [main][Log4j2Filter.java:132] - {conn-10005} pool-recycle
[${project.name}][${env:SERVER_PORT}] 2021-09-07 21:17:34,122 DEBUG
            [main][MybatisConfiguration.java:85] - addMappedStatement: com.huiminpay.merchant.mapper.AppMapper.insert
[${project.name}][${env:SERVER_PORT}] 2021-09-07 21:17:34,125 DEBUG
            [main][MybatisConfiguration.java:85] - addMappedStatement: com.huiminpay.merchant.mapper.AppMapper.delete
[${project.name}][${env:SERVER_PORT}] 2021-09-07 21:17:34,128 DEBUG
            [main][MybatisConfiguration.java:85] - addMappedStatement: com.huiminpay.merchant.mapper.AppMapper.deleteByMap
[${project.name}][${env:SERVER_PORT}] 2021-09-07 21:17:34,144 DEBUG
            [main][MybatisConfiguration.java:85] - addMappedStatement: com.huiminpay.merchant.mapper.AppMapper.deleteById
[${project.name}][${env:SERVER_PORT}] 2021-09-07 21:17:34,146 DEBUG
            [main][MybatisConfiguration.java:85] - addMappedStatement: com.huiminpay.merchant.mapper.AppMapper.deleteBatchIds
[${project.name}][${env:SERVER_PORT}] 2021-09-07 21:17:34,150 DEBUG
            [main][MybatisConfiguration.java:85] - addMappedStatement: com.huiminpay.merchant.mapper.AppMapper.update
[${project.name}][${env:SERVER_PORT}] 2021-09-07 21:17:34,152 DEBUG
            [main][MybatisConfiguration.java:85] - addMappedStatement: com.huiminpay.merchant.mapper.AppMapper.updateById
[${project.name}][${env:SERVER_PORT}] 2021-09-07 21:17:34,153 DEBUG
            [main][MybatisConfiguration.java:85] - addMappedStatement: com.huiminpay.merchant.mapper.AppMapper.selectById
[${project.name}][${env:SERVER_PORT}] 2021-09-07 21:17:34,154 DEBUG
            [main][MybatisConfiguration.java:85] - addMappedStatement: com.huiminpay.merchant.mapper.AppMapper.selectBatchIds
[${project.name}][${env:SERVER_PORT}] 2021-09-07 21:17:34,156 DEBUG
            [main][MybatisConfiguration.java:85] - addMappedStatement: com.huiminpay.merchant.mapper.AppMapper.selectByMap
[${project.name}][${env:SERVER_PORT}] 2021-09-07 21:17:34,159 DEBUG
            [main][MybatisConfiguration.java:85] - addMappedStatement: com.huiminpay.merchant.mapper.AppMapper.selectOne
[${project.name}][${env:SERVER_PORT}] 2021-09-07 21:17:34,162 DEBUG
            [main][MybatisConfiguration.java:85] - addMappedStatement: com.huiminpay.merchant.mapper.AppMapper.selectCount
[${project.name}][${env:SERVER_PORT}] 2021-09-07 21:17:34,165 DEBUG
            [main][MybatisConfiguration.java:85] - addMappedStatement: com.huiminpay.merchant.mapper.AppMapper.selectMaps
[${project.name}][${env:SERVER_PORT}] 2021-09-07 21:17:34,167 DEBUG
            [main][MybatisConfiguration.java:85] - addMappedStatement: com.huiminpay.merchant.mapper.AppMapper.selectMapsPage
[${project.name}][${env:SERVER_PORT}] 2021-09-07 21:17:34,169 DEBUG
            [main][MybatisConfiguration.java:85] - addMappedStatement: com.huiminpay.merchant.mapper.AppMapper.selectObjs
[${project.name}][${env:SERVER_PORT}] 2021-09-07 21:17:34,172 DEBUG
            [main][MybatisConfiguration.java:85] - addMappedStatement: com.huiminpay.merchant.mapper.AppMapper.selectList
[${project.name}][${env:SERVER_PORT}] 2021-09-07 21:17:34,174 DEBUG
            [main][MybatisConfiguration.java:85] - addMappedStatement: com.huiminpay.merchant.mapper.AppMapper.selectPage
[${project.name}][${env:SERVER_PORT}] 2021-09-07 21:17:34,181 DEBUG
            [main][MybatisConfiguration.java:85] - addMappedStatement: com.huiminpay.merchant.mapper.MerchantMapper.insert
[${project.name}][${env:SERVER_PORT}] 2021-09-07 21:17:34,183 DEBUG
            [main][MybatisConfiguration.java:85] - addMappedStatement: com.huiminpay.merchant.mapper.MerchantMapper.delete
[${project.name}][${env:SERVER_PORT}] 2021-09-07 21:17:34,185 DEBUG
            [main][MybatisConfiguration.java:85] - addMappedStatement: com.huiminpay.merchant.mapper.MerchantMapper.deleteByMap
[${project.name}][${env:SERVER_PORT}] 2021-09-07 21:17:34,187 DEBUG
            [main][MybatisConfiguration.java:85] - addMappedStatement: com.huiminpay.merchant.mapper.MerchantMapper.deleteById
[${project.name}][${env:SERVER_PORT}] 2021-09-07 21:17:34,190 DEBUG
            [main][MybatisConfiguration.java:85] - addMappedStatement: com.huiminpay.merchant.mapper.MerchantMapper.deleteBatchIds
[${project.name}][${env:SERVER_PORT}] 2021-09-07 21:17:34,192 DEBUG
            [main][MybatisConfiguration.java:85] - addMappedStatement: com.huiminpay.merchant.mapper.MerchantMapper.update
[${project.name}][${env:SERVER_PORT}] 2021-09-07 21:17:34,194 DEBUG
            [main][MybatisConfiguration.java:85] - addMappedStatement: com.huiminpay.merchant.mapper.MerchantMapper.updateById
[${project.name}][${env:SERVER_PORT}] 2021-09-07 21:17:34,195 DEBUG
            [main][MybatisConfiguration.java:85] - addMappedStatement: com.huiminpay.merchant.mapper.MerchantMapper.selectById
[${project.name}][${env:SERVER_PORT}] 2021-09-07 21:17:34,196 DEBUG
            [main][MybatisConfiguration.java:85] - addMappedStatement: com.huiminpay.merchant.mapper.MerchantMapper.selectBatchIds
[${project.name}][${env:SERVER_PORT}] 2021-09-07 21:17:34,198 DEBUG
            [main][MybatisConfiguration.java:85] - addMappedStatement: com.huiminpay.merchant.mapper.MerchantMapper.selectByMap
[${project.name}][${env:SERVER_PORT}] 2021-09-07 21:17:34,200 DEBUG
            [main][MybatisConfiguration.java:85] - addMappedStatement: com.huiminpay.merchant.mapper.MerchantMapper.selectOne
[${project.name}][${env:SERVER_PORT}] 2021-09-07 21:17:34,202 DEBUG
            [main][MybatisConfiguration.java:85] - addMappedStatement: com.huiminpay.merchant.mapper.MerchantMapper.selectCount
[${project.name}][${env:SERVER_PORT}] 2021-09-07 21:17:34,205 DEBUG
            [main][MybatisConfiguration.java:85] - addMappedStatement: com.huiminpay.merchant.mapper.MerchantMapper.selectMaps
[${project.name}][${env:SERVER_PORT}] 2021-09-07 21:17:34,207 DEBUG
            [main][MybatisConfiguration.java:85] - addMappedStatement: com.huiminpay.merchant.mapper.MerchantMapper.selectMapsPage
[${project.name}][${env:SERVER_PORT}] 2021-09-07 21:17:34,209 DEBUG
            [main][MybatisConfiguration.java:85] - addMappedStatement: com.huiminpay.merchant.mapper.MerchantMapper.selectObjs
[${project.name}][${env:SERVER_PORT}] 2021-09-07 21:17:34,211 DEBUG
            [main][MybatisConfiguration.java:85] - addMappedStatement: com.huiminpay.merchant.mapper.MerchantMapper.selectList
[${project.name}][${env:SERVER_PORT}] 2021-09-07 21:17:34,214 DEBUG
            [main][MybatisConfiguration.java:85] - addMappedStatement: com.huiminpay.merchant.mapper.MerchantMapper.selectPage
[${project.name}][${env:SERVER_PORT}] 2021-09-07 21:17:34,218 DEBUG
            [main][MybatisConfiguration.java:85] - addMappedStatement: com.huiminpay.merchant.mapper.StaffMapper.insert
[${project.name}][${env:SERVER_PORT}] 2021-09-07 21:17:34,221 DEBUG
            [main][MybatisConfiguration.java:85] - addMappedStatement: com.huiminpay.merchant.mapper.StaffMapper.delete
[${project.name}][${env:SERVER_PORT}] 2021-09-07 21:17:34,222 DEBUG
            [main][MybatisConfiguration.java:85] - addMappedStatement: com.huiminpay.merchant.mapper.StaffMapper.deleteByMap
[${project.name}][${env:SERVER_PORT}] 2021-09-07 21:17:34,224 DEBUG
            [main][MybatisConfiguration.java:85] - addMappedStatement: com.huiminpay.merchant.mapper.StaffMapper.deleteById
[${project.name}][${env:SERVER_PORT}] 2021-09-07 21:17:34,226 DEBUG
            [main][MybatisConfiguration.java:85] - addMappedStatement: com.huiminpay.merchant.mapper.StaffMapper.deleteBatchIds
[${project.name}][${env:SERVER_PORT}] 2021-09-07 21:17:34,228 DEBUG
            [main][MybatisConfiguration.java:85] - addMappedStatement: com.huiminpay.merchant.mapper.StaffMapper.update
[${project.name}][${env:SERVER_PORT}] 2021-09-07 21:17:34,229 DEBUG
            [main][MybatisConfiguration.java:85] - addMappedStatement: com.huiminpay.merchant.mapper.StaffMapper.updateById
[${project.name}][${env:SERVER_PORT}] 2021-09-07 21:17:34,230 DEBUG
            [main][MybatisConfiguration.java:85] - addMappedStatement: com.huiminpay.merchant.mapper.StaffMapper.selectById
[${project.name}][${env:SERVER_PORT}] 2021-09-07 21:17:34,232 DEBUG
            [main][MybatisConfiguration.java:85] - addMappedStatement: com.huiminpay.merchant.mapper.StaffMapper.selectBatchIds
[${project.name}][${env:SERVER_PORT}] 2021-09-07 21:17:34,233 DEBUG
            [main][MybatisConfiguration.java:85] - addMappedStatement: com.huiminpay.merchant.mapper.StaffMapper.selectByMap
[${project.name}][${env:SERVER_PORT}] 2021-09-07 21:17:34,235 DEBUG
            [main][MybatisConfiguration.java:85] - addMappedStatement: com.huiminpay.merchant.mapper.StaffMapper.selectOne
[${project.name}][${env:SERVER_PORT}] 2021-09-07 21:17:34,236 DEBUG
            [main][MybatisConfiguration.java:85] - addMappedStatement: com.huiminpay.merchant.mapper.StaffMapper.selectCount
[${project.name}][${env:SERVER_PORT}] 2021-09-07 21:17:34,238 DEBUG
            [main][MybatisConfiguration.java:85] - addMappedStatement: com.huiminpay.merchant.mapper.StaffMapper.selectMaps
[${project.name}][${env:SERVER_PORT}] 2021-09-07 21:17:34,240 DEBUG
            [main][MybatisConfiguration.java:85] - addMappedStatement: com.huiminpay.merchant.mapper.StaffMapper.selectMapsPage
[${project.name}][${env:SERVER_PORT}] 2021-09-07 21:17:34,242 DEBUG
            [main][MybatisConfiguration.java:85] - addMappedStatement: com.huiminpay.merchant.mapper.StaffMapper.selectObjs
[${project.name}][${env:SERVER_PORT}] 2021-09-07 21:17:34,243 DEBUG
            [main][MybatisConfiguration.java:85] - addMappedStatement: com.huiminpay.merchant.mapper.StaffMapper.selectList
[${project.name}][${env:SERVER_PORT}] 2021-09-07 21:17:34,245 DEBUG
            [main][MybatisConfiguration.java:85] - addMappedStatement: com.huiminpay.merchant.mapper.StaffMapper.selectPage
[${project.name}][${env:SERVER_PORT}] 2021-09-07 21:17:34,250 DEBUG
            [main][MybatisConfiguration.java:85] - addMappedStatement: com.huiminpay.merchant.mapper.StoreMapper.insert
[${project.name}][${env:SERVER_PORT}] 2021-09-07 21:17:34,252 DEBUG
            [main][MybatisConfiguration.java:85] - addMappedStatement: com.huiminpay.merchant.mapper.StoreMapper.delete
[${project.name}][${env:SERVER_PORT}] 2021-09-07 21:17:34,254 DEBUG
            [main][MybatisConfiguration.java:85] - addMappedStatement: com.huiminpay.merchant.mapper.StoreMapper.deleteByMap
[${project.name}][${env:SERVER_PORT}] 2021-09-07 21:17:34,255 DEBUG
            [main][MybatisConfiguration.java:85] - addMappedStatement: com.huiminpay.merchant.mapper.StoreMapper.deleteById
[${project.name}][${env:SERVER_PORT}] 2021-09-07 21:17:34,256 DEBUG
            [main][MybatisConfiguration.java:85] - addMappedStatement: com.huiminpay.merchant.mapper.StoreMapper.deleteBatchIds
[${project.name}][${env:SERVER_PORT}] 2021-09-07 21:17:34,258 DEBUG
            [main][MybatisConfiguration.java:85] - addMappedStatement: com.huiminpay.merchant.mapper.StoreMapper.update
[${project.name}][${env:SERVER_PORT}] 2021-09-07 21:17:34,260 DEBUG
            [main][MybatisConfiguration.java:85] - addMappedStatement: com.huiminpay.merchant.mapper.StoreMapper.updateById
[${project.name}][${env:SERVER_PORT}] 2021-09-07 21:17:34,261 DEBUG
            [main][MybatisConfiguration.java:85] - addMappedStatement: com.huiminpay.merchant.mapper.StoreMapper.selectById
[${project.name}][${env:SERVER_PORT}] 2021-09-07 21:17:34,262 DEBUG
            [main][MybatisConfiguration.java:85] - addMappedStatement: com.huiminpay.merchant.mapper.StoreMapper.selectBatchIds
[${project.name}][${env:SERVER_PORT}] 2021-09-07 21:17:34,264 DEBUG
            [main][MybatisConfiguration.java:85] - addMappedStatement: com.huiminpay.merchant.mapper.StoreMapper.selectByMap
[${project.name}][${env:SERVER_PORT}] 2021-09-07 21:17:34,266 DEBUG
            [main][MybatisConfiguration.java:85] - addMappedStatement: com.huiminpay.merchant.mapper.StoreMapper.selectOne
[${project.name}][${env:SERVER_PORT}] 2021-09-07 21:17:34,268 DEBUG
            [main][MybatisConfiguration.java:85] - addMappedStatement: com.huiminpay.merchant.mapper.StoreMapper.selectCount
[${project.name}][${env:SERVER_PORT}] 2021-09-07 21:17:34,270 DEBUG
            [main][MybatisConfiguration.java:85] - addMappedStatement: com.huiminpay.merchant.mapper.StoreMapper.selectMaps
[${project.name}][${env:SERVER_PORT}] 2021-09-07 21:17:34,272 DEBUG
            [main][MybatisConfiguration.java:85] - addMappedStatement: com.huiminpay.merchant.mapper.StoreMapper.selectMapsPage
[${project.name}][${env:SERVER_PORT}] 2021-09-07 21:17:34,274 DEBUG
            [main][MybatisConfiguration.java:85] - addMappedStatement: com.huiminpay.merchant.mapper.StoreMapper.selectObjs
[${project.name}][${env:SERVER_PORT}] 2021-09-07 21:17:34,276 DEBUG
            [main][MybatisConfiguration.java:85] - addMappedStatement: com.huiminpay.merchant.mapper.StoreMapper.selectList
[${project.name}][${env:SERVER_PORT}] 2021-09-07 21:17:34,277 DEBUG
            [main][MybatisConfiguration.java:85] - addMappedStatement: com.huiminpay.merchant.mapper.StoreMapper.selectPage
[${project.name}][${env:SERVER_PORT}] 2021-09-07 21:17:34,281 DEBUG
            [main][MybatisConfiguration.java:85] - addMappedStatement: com.huiminpay.merchant.mapper.StoreStaffMapper.insert
[${project.name}][${env:SERVER_PORT}] 2021-09-07 21:17:34,283 DEBUG
            [main][MybatisConfiguration.java:85] - addMappedStatement: com.huiminpay.merchant.mapper.StoreStaffMapper.delete
[${project.name}][${env:SERVER_PORT}] 2021-09-07 21:17:34,285 DEBUG
            [main][MybatisConfiguration.java:85] - addMappedStatement: com.huiminpay.merchant.mapper.StoreStaffMapper.deleteByMap
[${project.name}][${env:SERVER_PORT}] 2021-09-07 21:17:34,286 DEBUG
            [main][MybatisConfiguration.java:85] - addMappedStatement: com.huiminpay.merchant.mapper.StoreStaffMapper.deleteById
[${project.name}][${env:SERVER_PORT}] 2021-09-07 21:17:34,287 DEBUG
            [main][MybatisConfiguration.java:85] - addMappedStatement: com.huiminpay.merchant.mapper.StoreStaffMapper.deleteBatchIds
[${project.name}][${env:SERVER_PORT}] 2021-09-07 21:17:34,288 DEBUG
            [main][MybatisConfiguration.java:85] - addMappedStatement: com.huiminpay.merchant.mapper.StoreStaffMapper.update
[${project.name}][${env:SERVER_PORT}] 2021-09-07 21:17:34,290 DEBUG
            [main][MybatisConfiguration.java:85] - addMappedStatement: com.huiminpay.merchant.mapper.StoreStaffMapper.updateById
[${project.name}][${env:SERVER_PORT}] 2021-09-07 21:17:34,290 DEBUG
            [main][MybatisConfiguration.java:85] - addMappedStatement: com.huiminpay.merchant.mapper.StoreStaffMapper.selectById
[${project.name}][${env:SERVER_PORT}] 2021-09-07 21:17:34,291 DEBUG
            [main][MybatisConfiguration.java:85] - addMappedStatement: com.huiminpay.merchant.mapper.StoreStaffMapper.selectBatchIds
[${project.name}][${env:SERVER_PORT}] 2021-09-07 21:17:34,293 DEBUG
            [main][MybatisConfiguration.java:85] - addMappedStatement: com.huiminpay.merchant.mapper.StoreStaffMapper.selectByMap
[${project.name}][${env:SERVER_PORT}] 2021-09-07 21:17:34,294 DEBUG
            [main][MybatisConfiguration.java:85] - addMappedStatement: com.huiminpay.merchant.mapper.StoreStaffMapper.selectOne
[${project.name}][${env:SERVER_PORT}] 2021-09-07 21:17:34,295 DEBUG
            [main][MybatisConfiguration.java:85] - addMappedStatement: com.huiminpay.merchant.mapper.StoreStaffMapper.selectCount
[${project.name}][${env:SERVER_PORT}] 2021-09-07 21:17:34,297 DEBUG
            [main][MybatisConfiguration.java:85] - addMappedStatement: com.huiminpay.merchant.mapper.StoreStaffMapper.selectMaps
[${project.name}][${env:SERVER_PORT}] 2021-09-07 21:17:34,300 DEBUG
            [main][MybatisConfiguration.java:85] - addMappedStatement: com.huiminpay.merchant.mapper.StoreStaffMapper.selectMapsPage
[${project.name}][${env:SERVER_PORT}] 2021-09-07 21:17:34,302 DEBUG
            [main][MybatisConfiguration.java:85] - addMappedStatement: com.huiminpay.merchant.mapper.StoreStaffMapper.selectObjs
[${project.name}][${env:SERVER_PORT}] 2021-09-07 21:17:34,303 DEBUG
            [main][MybatisConfiguration.java:85] - addMappedStatement: com.huiminpay.merchant.mapper.StoreStaffMapper.selectList
[${project.name}][${env:SERVER_PORT}] 2021-09-07 21:17:34,304 DEBUG
            [main][MybatisConfiguration.java:85] - addMappedStatement: com.huiminpay.merchant.mapper.StoreStaffMapper.selectPage
[${project.name}][${env:SERVER_PORT}] 2021-09-07 21:17:34,336 WARN
            [main][URLConfigurationSource.java:121] - No URLs will be polled as dynamic configuration sources.
[${project.name}][${env:SERVER_PORT}] 2021-09-07 21:17:34,337 INFO
            [main][URLConfigurationSource.java:122] - To enable URLs as dynamic configuration sources, define System property archaius.configurationSource.additionalUrls or make config.properties available on classpath.
[${project.name}][${env:SERVER_PORT}] 2021-09-07 21:17:34,340 WARN
            [main][URLConfigurationSource.java:121] - No URLs will be polled as dynamic configuration sources.
[${project.name}][${env:SERVER_PORT}] 2021-09-07 21:17:34,340 INFO
            [main][URLConfigurationSource.java:122] - To enable URLs as dynamic configuration sources, define System property archaius.configurationSource.additionalUrls or make config.properties available on classpath.
[${project.name}][${env:SERVER_PORT}] 2021-09-07 21:17:34,390 DEBUG
            [main][TraversableResolvers.java:60] - Cannot find javax.persistence.Persistence on classpath. Assuming non JPA 2 environment. All properties will per default be traversable.
[${project.name}][${env:SERVER_PORT}] 2021-09-07 21:17:34,391 DEBUG
            [main][ResourceBundleMessageInterpolator.java:89] - Loaded expression factory via original TCCL
[${project.name}][${env:SERVER_PORT}] 2021-09-07 21:17:34,399 DEBUG
            [main][TraversableResolvers.java:60] - Cannot find javax.persistence.Persistence on classpath. Assuming non JPA 2 environment. All properties will per default be traversable.
[${project.name}][${env:SERVER_PORT}] 2021-09-07 21:17:34,399 DEBUG
            [main][ConfigurationImpl.java:148] - Setting custom MessageInterpolator of type org.springframework.validation.beanvalidation.LocaleContextMessageInterpolator
[${project.name}][${env:SERVER_PORT}] 2021-09-07 21:17:34,400 DEBUG
            [main][ConfigurationImpl.java:180] - Setting custom ConstraintValidatorFactory of type org.springframework.validation.beanvalidation.SpringConstraintValidatorFactory
[${project.name}][${env:SERVER_PORT}] 2021-09-07 21:17:34,400 DEBUG
            [main][ConfigurationImpl.java:194] - Setting custom ParameterNameProvider of type org.springframework.validation.beanvalidation.LocalValidatorFactoryBean$1
[${project.name}][${env:SERVER_PORT}] 2021-09-07 21:17:34,400 DEBUG
            [main][ValidationXmlParser.java:120] - Trying to load META-INF/validation.xml for XML based Validator configuration.
[${project.name}][${env:SERVER_PORT}] 2021-09-07 21:17:34,401 DEBUG
            [main][ResourceLoaderHelper.java:53] - Trying to load META-INF/validation.xml via user class loader
[${project.name}][${env:SERVER_PORT}] 2021-09-07 21:17:34,401 DEBUG
            [main][ResourceLoaderHelper.java:60] - Trying to load META-INF/validation.xml via TCCL
[${project.name}][${env:SERVER_PORT}] 2021-09-07 21:17:34,401 DEBUG
            [main][ResourceLoaderHelper.java:66] - Trying to load META-INF/validation.xml via Hibernate Validator's class loader
[${project.name}][${env:SERVER_PORT}] 2021-09-07 21:17:34,401 DEBUG
            [main][ValidationXmlParser.java:127] - No META-INF/validation.xml found. Using annotation based configuration only.
[${project.name}][${env:SERVER_PORT}] 2021-09-07 21:17:34,404 DEBUG
            [main][ValidatorFactoryImpl.java:578] - HV000234: Using org.springframework.validation.beanvalidation.LocaleContextMessageInterpolator as ValidatorFactory-scoped message interpolator.
[${project.name}][${env:SERVER_PORT}] 2021-09-07 21:17:34,405 DEBUG
            [main][ValidatorFactoryImpl.java:579] - HV000234: Using org.hibernate.validator.internal.engine.resolver.TraverseAllTraversableResolver as ValidatorFactory-scoped traversable resolver.
[${project.name}][${env:SERVER_PORT}] 2021-09-07 21:17:34,405 DEBUG
            [main][ValidatorFactoryImpl.java:580] - HV000234: Using org.hibernate.validator.internal.util.ExecutableParameterNameProvider as ValidatorFactory-scoped parameter name provider.
[${project.name}][${env:SERVER_PORT}] 2021-09-07 21:17:34,405 DEBUG
            [main][ValidatorFactoryImpl.java:581] - HV000234: Using org.hibernate.validator.internal.engine.DefaultClockProvider as ValidatorFactory-scoped clock provider.
[${project.name}][${env:SERVER_PORT}] 2021-09-07 21:17:34,405 DEBUG
            [main][ValidatorFactoryImpl.java:582] - HV000234: Using org.hibernate.validator.internal.engine.scripting.DefaultScriptEvaluatorFactory as ValidatorFactory-scoped script evaluator factory.
[${project.name}][${env:SERVER_PORT}] 2021-09-07 21:17:34,534 INFO
            [main][ExecutorConfigurationSupport.java:171] - Initializing ExecutorService 'applicationTaskExecutor'
[${project.name}][${env:SERVER_PORT}] 2021-09-07 21:17:34,799 INFO
            [main][ExecutorConfigurationSupport.java:171] - Initializing ExecutorService
[${project.name}][${env:SERVER_PORT}] 2021-09-07 21:17:34,824 INFO
            [main][DubboConfigBindingBeanPostProcessor.java:109] - The properties of bean [name : org.apache.dubbo.config.RegistryConfig#0] have been binding by prefix of configuration properties : dubbo.registry
[${project.name}][${env:SERVER_PORT}] 2021-09-07 21:17:34,830 INFO
            [main][DubboConfigBindingBeanPostProcessor.java:109] - The properties of bean [name : org.apache.dubbo.config.ProtocolConfig#0] have been binding by prefix of configuration properties : dubbo.protocol
[${project.name}][${env:SERVER_PORT}] 2021-09-07 21:17:34,843 INFO
            [main][DubboConfigBindingBeanPostProcessor.java:109] - The properties of bean [name : org.apache.dubbo.config.ConsumerConfig#0] have been binding by prefix of configuration properties : dubbo.consumer
[${project.name}][${env:SERVER_PORT}] 2021-09-07 21:17:35,282 INFO
            [main][EndpointLinksResolver.java:59] - Exposing 4 endpoint(s) beneath base path '/actuator'
[${project.name}][${env:SERVER_PORT}] 2021-09-07 21:17:35,358 DEBUG
            [main][AdaptiveClassCodeGenerator.java:104] -  [DUBBO] package org.apache.dubbo.rpc;
import org.apache.dubbo.common.extension.ExtensionLoader;
public class Protocol$Adaptive implements org.apache.dubbo.rpc.Protocol {
public void destroy()  {
throw new UnsupportedOperationException("The method public abstract void org.apache.dubbo.rpc.Protocol.destroy() of interface org.apache.dubbo.rpc.Protocol is not adaptive method!");
}
public int getDefaultPort()  {
throw new UnsupportedOperationException("The method public abstract int org.apache.dubbo.rpc.Protocol.getDefaultPort() of interface org.apache.dubbo.rpc.Protocol is not adaptive method!");
}
public org.apache.dubbo.rpc.Exporter export(org.apache.dubbo.rpc.Invoker arg0) throws org.apache.dubbo.rpc.RpcException {
if (arg0 == null) throw new IllegalArgumentException("org.apache.dubbo.rpc.Invoker argument == null");
if (arg0.getUrl() == null) throw new IllegalArgumentException("org.apache.dubbo.rpc.Invoker argument getUrl() == null");
org.apache.dubbo.common.URL url = arg0.getUrl();
String extName = ( url.getProtocol() == null ? "dubbo" : url.getProtocol() );
if(extName == null) throw new IllegalStateException("Failed to get extension (org.apache.dubbo.rpc.Protocol) name from url (" + url.toString() + ") use keys([protocol])");
org.apache.dubbo.rpc.Protocol extension = (org.apache.dubbo.rpc.Protocol)ExtensionLoader.getExtensionLoader(org.apache.dubbo.rpc.Protocol.class).getExtension(extName);
return extension.export(arg0);
}
public org.apache.dubbo.rpc.Invoker refer(java.lang.Class arg0, org.apache.dubbo.common.URL arg1) throws org.apache.dubbo.rpc.RpcException {
if (arg1 == null) throw new IllegalArgumentException("url == null");
org.apache.dubbo.common.URL url = arg1;
String extName = ( url.getProtocol() == null ? "dubbo" : url.getProtocol() );
if(extName == null) throw new IllegalStateException("Failed to get extension (org.apache.dubbo.rpc.Protocol) name from url (" + url.toString() + ") use keys([protocol])");
org.apache.dubbo.rpc.Protocol extension = (org.apache.dubbo.rpc.Protocol)ExtensionLoader.getExtensionLoader(org.apache.dubbo.rpc.Protocol.class).getExtension(extName);
return extension.refer(arg0, arg1);
}
}, dubbo version: 2.7.3, current host: 192.168.101.3
